<?xml version="1.0" encoding="UTF-8"?>
<!-- Generated by org.testng.reporters.JUnitXMLReporter -->
<testsuite ignored="1" hostname="IN-9WVCX64" failures="0" tests="1" name="Default test" time="21.823" errors="0" timestamp="2025-08-04T17:46:33 IST">
  <testcase classname="MashreqAssignment.LoginPageTest01" name="LoginValidMailId" time="12.642"/>
  <testcase classname="MashreqAssignment.LoginPageTest01" name="LoginInValidMailId" time="0.0">
    <ignored/>
  </testcase> <!-- LoginInValidMailId -->
</testsuite> <!-- Default test -->
